test.obj : error LNK2019: ссылка на неразрешенный внешний символ "public: __cdecl MyArray<int>::MyArray<int>(int)" (??0?$MyArray@H@@QEAA@H@Z) в функции "private: virtual void __cdecl TestCaseName_TestName_Test::TestBody(void)" (?TestBody@TestCaseName_TestName_Test@@EEAAXXZ).
test.obj : error LNK2019: ссылка на неразрешенный внешний символ "public: __cdecl MyArray<int>::~MyArray<int>(void)" (??1?$MyArray@H@@QEAA@XZ) в функции "private: virtual void __cdecl TestCaseName_TestName_Test::TestBody(void)" (?TestBody@TestCaseName_TestName_Test@@EEAAXXZ).
test.obj : error LNK2019: ссылка на неразрешенный внешний символ "public: int __cdecl MyArray<int>::insert(int const &)" (?insert@?$MyArray@H@@QEAAHAEBH@Z) в функции "private: virtual void __cdecl TestCaseName_TestName_Test::TestBody(void)" (?TestBody@TestCaseName_TestName_Test@@EEAAXXZ).
test.obj : error LNK2019: ссылка на неразрешенный внешний символ "public: int & __cdecl MyArray<int>::operator[](int)" (??A?$MyArray@H@@QEAAAEAHH@Z) в функции "private: virtual void __cdecl TestCaseName_TestName_Test::TestBody(void)" (?TestBody@TestCaseName_TestName_Test@@EEAAXXZ).
D:\Code\CPP\labs\x64\Debug\Tests2.exe : fatal error LNK1120: неразрешенных внешних элементов: 4
